{"level":"info","message":"Attempting connection to the Built.io Contentstack server...","timestamp":"2017-07-10T10:17:40.648Z"}
{"level":"info","message":"Connection ID: 0.8311982964446025","timestamp":"2017-07-10T10:17:45.735Z"}
{"level":"warn","message":"Resending authentication call.","timestamp":"2017-07-10T10:17:47.738Z"}
{"level":"info","message":"Connection authorized","timestamp":"2017-07-10T10:17:47.842Z"}
{"level":"info","message":"Connection established successfully!","timestamp":"2017-07-10T10:17:50.234Z"}
{"level":"info","message":"'Request received' for Publish :: {\"object\":{\"type\":\"asset\",\"action\":\"publish\",\"entry\":{\"title\":\"zealand-field.jpg\",\"uid\":\"bltbb8abb8bc7cea4cc\"},\"locale\":[\"en-us\"],\"environment\":[\"blt8e9171ba760431ce\"],\"published_at\":\"2017-07-10T09:42:52.977Z\",\"approved\":true,\"approval\":false,\"rejected\":false,\"user\":\"bltb61988b6487d77cecadb2d65\",\"roles\":[],\"publish_details\":[{\"status\":-1,\"message\":\"\",\"name\":\"default\"}],\"uid\":\"blt1f06c75b4e1fe9ba\",\"created_by\":\"bltb61988b6487d77cecadb2d65\",\"updated_by\":\"bltb61988b6487d77cecadb2d65\",\"created_at\":\"2017-07-10T09:42:53.045Z\",\"updated_at\":\"2017-07-10T09:42:53.045Z\",\"ACL\":[],\"_version\":1}}","timestamp":"2017-07-10T10:17:51.957Z"}
{"level":"info","message":"{\"entry\":{\"name\":\"default\",\"status\":1,\"message\":\"In progress : Starting the Publishing process.\"}}","timestamp":"2017-07-10T10:17:51.959Z"}
{"level":"info","message":"'In progress' status has been saved on Built.io Contentstack.","timestamp":"2017-07-10T10:17:53.766Z"}
{"level":"info","message":"{\"entry\":{\"name\":\"default\",\"status\":2,\"message\":\"Publish : Asset has been published successfully.\"}}","timestamp":"2017-07-10T10:17:57.705Z"}
{"level":"info","message":"'Publish' status has been saved on Built.io Contentstack.","timestamp":"2017-07-10T10:17:59.775Z"}
{"level":"info","message":"'Request received' for Publish :: {\"object\":{\"type\":\"entry\",\"action\":\"publish\",\"entry\":{\"title\":\"home\",\"uid\":\"bltb3900a3cc799489b\",\"locale\":\"en-us\",\"version\":5},\"content_type\":{\"title\":\"home\",\"uid\":\"home\"},\"locale\":[\"en-us\"],\"environment\":[\"blt8e9171ba760431ce\"],\"published_at\":\"2017-07-10T09:42:53.002Z\",\"approved\":true,\"approval\":false,\"rejected\":false,\"user\":\"bltb61988b6487d77cecadb2d65\",\"roles\":[],\"publish_details\":[{\"status\":-1,\"message\":\"\",\"name\":\"default\"}],\"uid\":\"blt27a0d3e254c60596\",\"created_by\":\"bltb61988b6487d77cecadb2d65\",\"updated_by\":\"bltb61988b6487d77cecadb2d65\",\"created_at\":\"2017-07-10T09:42:53.417Z\",\"updated_at\":\"2017-07-10T09:42:53.417Z\",\"ACL\":[],\"_version\":1}}","timestamp":"2017-07-10T10:17:59.776Z"}
{"level":"info","message":"{\"entry\":{\"name\":\"default\",\"status\":1,\"message\":\"In progress : Starting the Publishing process.\"}}","timestamp":"2017-07-10T10:17:59.777Z"}
{"level":"info","message":"'In progress' status has been saved on Built.io Contentstack.","timestamp":"2017-07-10T10:18:01.887Z"}
{"level":"info","message":"{\"entry\":{\"name\":\"default\",\"status\":2,\"message\":\"Publish : Entry has been published successfully.\"}}","timestamp":"2017-07-10T10:18:03.986Z"}
{"level":"info","message":"'Publish' status has been saved on Built.io Contentstack.","timestamp":"2017-07-10T10:18:06.111Z"}
{"level":"info","message":"'Request received' for Publish :: {\"object\":{\"type\":\"entry\",\"action\":\"publish\",\"entry\":{\"title\":\"home\",\"uid\":\"bltb3900a3cc799489b\",\"locale\":\"en-us\",\"version\":5},\"content_type\":{\"title\":\"home\",\"uid\":\"home\"},\"locale\":[\"en-us\"],\"environment\":[\"blt8e9171ba760431ce\"],\"published_at\":\"2017-07-10T09:47:11.485Z\",\"approved\":true,\"approval\":false,\"rejected\":false,\"user\":\"bltb61988b6487d77cecadb2d65\",\"roles\":[],\"publish_details\":[{\"status\":-1,\"message\":\"\",\"name\":\"default\"}],\"uid\":\"bltdd3e3c447b94208d\",\"created_by\":\"bltb61988b6487d77cecadb2d65\",\"updated_by\":\"bltb61988b6487d77cecadb2d65\",\"created_at\":\"2017-07-10T09:47:11.681Z\",\"updated_at\":\"2017-07-10T09:47:11.681Z\",\"ACL\":[],\"_version\":1}}","timestamp":"2017-07-10T10:18:06.112Z"}
{"level":"info","message":"{\"entry\":{\"name\":\"default\",\"status\":1,\"message\":\"In progress : Starting the Publishing process.\"}}","timestamp":"2017-07-10T10:18:06.114Z"}
{"level":"info","message":"'In progress' status has been saved on Built.io Contentstack.","timestamp":"2017-07-10T10:18:08.757Z"}
{"level":"info","message":"{\"entry\":{\"name\":\"default\",\"status\":2,\"message\":\"Publish : Entry has been published successfully.\"}}","timestamp":"2017-07-10T10:18:11.143Z"}
{"level":"info","message":"'Publish' status has been saved on Built.io Contentstack.","timestamp":"2017-07-10T10:18:13.169Z"}
{"level":"info","message":"'Request received' for Publish :: {\"object\":{\"type\":\"asset\",\"action\":\"publish\",\"entry\":{\"title\":\"zealand-field.jpg\",\"uid\":\"bltbb8abb8bc7cea4cc\"},\"locale\":[\"en-us\"],\"environment\":[\"blt8e9171ba760431ce\"],\"published_at\":\"2017-07-10T09:47:11.478Z\",\"approved\":true,\"approval\":false,\"rejected\":false,\"user\":\"bltb61988b6487d77cecadb2d65\",\"roles\":[],\"publish_details\":[{\"status\":-1,\"message\":\"\",\"name\":\"default\"}],\"uid\":\"bltb9930cb0b7aa3465\",\"created_by\":\"bltb61988b6487d77cecadb2d65\",\"updated_by\":\"bltb61988b6487d77cecadb2d65\",\"created_at\":\"2017-07-10T09:47:11.812Z\",\"updated_at\":\"2017-07-10T09:47:11.812Z\",\"ACL\":[],\"_version\":1}}","timestamp":"2017-07-10T10:18:13.169Z"}
{"level":"info","message":"{\"entry\":{\"name\":\"default\",\"status\":1,\"message\":\"In progress : Starting the Publishing process.\"}}","timestamp":"2017-07-10T10:18:13.170Z"}
{"level":"info","message":"'In progress' status has been saved on Built.io Contentstack.","timestamp":"2017-07-10T10:18:15.095Z"}
{"level":"info","message":"{\"entry\":{\"name\":\"default\",\"status\":2,\"message\":\"Publish : Asset has been published successfully.\"}}","timestamp":"2017-07-10T10:18:17.116Z"}
{"level":"info","message":"'Publish' status has been saved on Built.io Contentstack.","timestamp":"2017-07-10T10:18:18.791Z"}
{"level":"info","message":"'Request received' for Publish :: {\"object\":{\"type\":\"asset\",\"action\":\"publish\",\"entry\":{\"title\":\"zealand-field.jpg\",\"uid\":\"bltbb8abb8bc7cea4cc\"},\"locale\":[\"en-us\"],\"environment\":[\"blt8e9171ba760431ce\"],\"published_at\":\"2017-07-10T09:48:43.681Z\",\"approved\":true,\"approval\":false,\"rejected\":false,\"user\":\"bltb61988b6487d77cecadb2d65\",\"roles\":[],\"publish_details\":[{\"status\":-1,\"message\":\"\",\"name\":\"default\"}],\"uid\":\"blt6fddd4886735b3fb\",\"created_by\":\"bltb61988b6487d77cecadb2d65\",\"updated_by\":\"bltb61988b6487d77cecadb2d65\",\"created_at\":\"2017-07-10T09:48:43.878Z\",\"updated_at\":\"2017-07-10T09:48:43.878Z\",\"ACL\":[],\"_version\":1}}","timestamp":"2017-07-10T10:18:18.791Z"}
{"level":"info","message":"{\"entry\":{\"name\":\"default\",\"status\":1,\"message\":\"In progress : Starting the Publishing process.\"}}","timestamp":"2017-07-10T10:18:18.792Z"}
{"level":"info","message":"'In progress' status has been saved on Built.io Contentstack.","timestamp":"2017-07-10T10:18:21.604Z"}
{"level":"info","message":"{\"entry\":{\"name\":\"default\",\"status\":2,\"message\":\"Publish : Asset has been published successfully.\"}}","timestamp":"2017-07-10T10:18:23.249Z"}
{"level":"info","message":"'Publish' status has been saved on Built.io Contentstack.","timestamp":"2017-07-10T10:18:24.981Z"}
{"level":"info","message":"'Request received' for Publish :: {\"object\":{\"type\":\"entry\",\"action\":\"publish\",\"entry\":{\"title\":\"home\",\"uid\":\"bltb3900a3cc799489b\",\"locale\":\"en-us\",\"version\":5},\"content_type\":{\"title\":\"home\",\"uid\":\"home\"},\"locale\":[\"en-us\"],\"environment\":[\"blt8e9171ba760431ce\"],\"published_at\":\"2017-07-10T09:48:43.693Z\",\"approved\":true,\"approval\":false,\"rejected\":false,\"user\":\"bltb61988b6487d77cecadb2d65\",\"roles\":[],\"publish_details\":[{\"status\":-1,\"message\":\"\",\"name\":\"default\"}],\"uid\":\"blt24f305d6add880bb\",\"created_by\":\"bltb61988b6487d77cecadb2d65\",\"updated_by\":\"bltb61988b6487d77cecadb2d65\",\"created_at\":\"2017-07-10T09:48:44.035Z\",\"updated_at\":\"2017-07-10T09:48:44.035Z\",\"ACL\":[],\"_version\":1}}","timestamp":"2017-07-10T10:18:24.982Z"}
{"level":"info","message":"{\"entry\":{\"name\":\"default\",\"status\":1,\"message\":\"In progress : Starting the Publishing process.\"}}","timestamp":"2017-07-10T10:18:24.982Z"}
{"level":"info","message":"'In progress' status has been saved on Built.io Contentstack.","timestamp":"2017-07-10T10:18:26.674Z"}
{"level":"info","message":"{\"entry\":{\"name\":\"default\",\"status\":2,\"message\":\"Publish : Entry has been published successfully.\"}}","timestamp":"2017-07-10T10:18:28.316Z"}
{"level":"info","message":"'Publish' status has been saved on Built.io Contentstack.","timestamp":"2017-07-10T10:18:30.811Z"}
{"level":"info","message":"'Request received' for Publish :: {\"object\":{\"type\":\"asset\",\"action\":\"publish\",\"entry\":{\"title\":\"zealand-field.jpg\",\"uid\":\"bltbb8abb8bc7cea4cc\"},\"locale\":[\"en-us\"],\"environment\":[\"blt8e9171ba760431ce\"],\"published_at\":\"2017-07-10T09:52:10.588Z\",\"approved\":true,\"approval\":false,\"rejected\":false,\"user\":\"bltb61988b6487d77cecadb2d65\",\"roles\":[],\"publish_details\":[{\"status\":-1,\"message\":\"\",\"name\":\"default\"}],\"uid\":\"bltdd157483b13f3c42\",\"created_by\":\"bltb61988b6487d77cecadb2d65\",\"updated_by\":\"bltb61988b6487d77cecadb2d65\",\"created_at\":\"2017-07-10T09:52:10.718Z\",\"updated_at\":\"2017-07-10T09:52:10.718Z\",\"ACL\":[],\"_version\":1}}","timestamp":"2017-07-10T10:18:30.812Z"}
{"level":"info","message":"{\"entry\":{\"name\":\"default\",\"status\":1,\"message\":\"In progress : Starting the Publishing process.\"}}","timestamp":"2017-07-10T10:18:30.812Z"}
{"level":"info","message":"'In progress' status has been saved on Built.io Contentstack.","timestamp":"2017-07-10T10:18:32.530Z"}
{"level":"info","message":"{\"entry\":{\"name\":\"default\",\"status\":2,\"message\":\"Publish : Asset has been published successfully.\"}}","timestamp":"2017-07-10T10:18:34.251Z"}
{"level":"info","message":"'Publish' status has been saved on Built.io Contentstack.","timestamp":"2017-07-10T10:18:36.167Z"}
{"level":"info","message":"'Request received' for Publish :: {\"object\":{\"type\":\"entry\",\"action\":\"publish\",\"entry\":{\"title\":\"home\",\"uid\":\"bltb3900a3cc799489b\",\"locale\":\"en-us\",\"version\":5},\"content_type\":{\"title\":\"home\",\"uid\":\"home\"},\"locale\":[\"en-us\"],\"environment\":[\"blt8e9171ba760431ce\"],\"published_at\":\"2017-07-10T09:52:10.595Z\",\"approved\":true,\"approval\":false,\"rejected\":false,\"user\":\"bltb61988b6487d77cecadb2d65\",\"roles\":[],\"publish_details\":[{\"status\":-1,\"message\":\"\",\"name\":\"default\"}],\"uid\":\"bltd839be73f450df2e\",\"created_by\":\"bltb61988b6487d77cecadb2d65\",\"updated_by\":\"bltb61988b6487d77cecadb2d65\",\"created_at\":\"2017-07-10T09:52:10.837Z\",\"updated_at\":\"2017-07-10T09:52:10.837Z\",\"ACL\":[],\"_version\":1}}","timestamp":"2017-07-10T10:18:36.168Z"}
{"level":"info","message":"{\"entry\":{\"name\":\"default\",\"status\":1,\"message\":\"In progress : Starting the Publishing process.\"}}","timestamp":"2017-07-10T10:18:36.168Z"}
{"level":"info","message":"'In progress' status has been saved on Built.io Contentstack.","timestamp":"2017-07-10T10:18:38.290Z"}
{"level":"info","message":"{\"entry\":{\"name\":\"default\",\"status\":2,\"message\":\"Publish : Entry has been published successfully.\"}}","timestamp":"2017-07-10T10:18:40.745Z"}
{"level":"info","message":"'Publish' status has been saved on Built.io Contentstack.","timestamp":"2017-07-10T10:18:43.452Z"}
{"level":"info","message":"'Request received' for Publish :: {\"object\":{\"type\":\"entry\",\"action\":\"publish\",\"entry\":{\"title\":\"home\",\"locale\":\"en-us\",\"version\":5,\"entry_uid\":\"bltb3900a3cc799489b\"},\"locale\":[\"en-us\"],\"environment\":[\"blt8e9171ba760431ce\"],\"published_at\":\"2017-07-10T10:21:23.690Z\",\"approved\":true,\"approval\":false,\"rejected\":false,\"user\":\"bltb61988b6487d77cecadb2d65\",\"roles\":[],\"uid\":\"bltd0218e2f3235b4d6\",\"created_by\":\"bltb61988b6487d77cecadb2d65\",\"updated_by\":\"bltb61988b6487d77cecadb2d65\",\"created_at\":\"2017-07-10T10:21:23.745Z\",\"updated_at\":\"2017-07-10T10:21:23.745Z\",\"ACL\":[],\"_version\":1,\"_owner\":{\"uid\":\"bltb61988b6487d77cecadb2d65\",\"created_at\":\"2016-05-26T09:50:56.074Z\",\"updated_at\":\"2017-07-10T05:50:16.286Z\",\"email\":\"rohit.mishra@raweng.com\",\"username\":\"rohit.mishra_blt67d02155\",\"first_name\":\"Rohit\",\"last_name\":\"Mishra\",\"company\":\"Raw Engineering\",\"plan_id\":[\"employee\"],\"org_uid\":[\"blt92626b665b5c4df0\"]},\"_metadata\":{\"user\":\"bltb61988b6487d77cecadb2d65\",\"roles\":[],\"publish_details\":[{\"status\":-1,\"message\":\"\",\"name\":\"default\"}]},\"form\":{\"form_uid\":\"home\",\"title\":\"home\"}}}","timestamp":"2017-07-10T10:19:32.379Z"}
{"level":"info","message":"{\"entry\":{\"name\":\"default\",\"status\":1,\"message\":\"In progress : Starting the Publishing process.\"}}","timestamp":"2017-07-10T10:19:32.380Z"}
{"level":"info","message":"'In progress' status has been saved on Built.io Contentstack.","timestamp":"2017-07-10T10:19:34.171Z"}
{"level":"info","message":"{\"entry\":{\"name\":\"default\",\"status\":2,\"message\":\"Publish : Entry has been published successfully.\"}}","timestamp":"2017-07-10T10:19:35.816Z"}
{"level":"info","message":"'Publish' status has been saved on Built.io Contentstack.","timestamp":"2017-07-10T10:19:37.522Z"}
{"level":"info","message":"'Request received' for Publish :: {\"object\":{\"type\":\"entry\",\"action\":\"publish\",\"entry\":{\"title\":\"home\",\"locale\":\"en-us\",\"version\":5,\"entry_uid\":\"bltb3900a3cc799489b\"},\"locale\":[\"en-us\"],\"environment\":[\"blt8e9171ba760431ce\"],\"published_at\":\"2017-07-10T10:23:01.774Z\",\"approved\":true,\"approval\":false,\"rejected\":false,\"user\":\"bltb61988b6487d77cecadb2d65\",\"roles\":[],\"uid\":\"bltd53b50e4e5355054\",\"created_by\":\"bltb61988b6487d77cecadb2d65\",\"updated_by\":\"bltb61988b6487d77cecadb2d65\",\"created_at\":\"2017-07-10T10:23:02.086Z\",\"updated_at\":\"2017-07-10T10:23:02.086Z\",\"ACL\":[],\"_version\":1,\"_owner\":{\"uid\":\"bltb61988b6487d77cecadb2d65\",\"created_at\":\"2016-05-26T09:50:56.074Z\",\"updated_at\":\"2017-07-10T05:50:16.286Z\",\"email\":\"rohit.mishra@raweng.com\",\"username\":\"rohit.mishra_blt67d02155\",\"first_name\":\"Rohit\",\"last_name\":\"Mishra\",\"company\":\"Raw Engineering\",\"plan_id\":[\"employee\"],\"org_uid\":[\"blt92626b665b5c4df0\"]},\"_metadata\":{\"user\":\"bltb61988b6487d77cecadb2d65\",\"roles\":[],\"publish_details\":[{\"status\":-1,\"message\":\"\",\"name\":\"default\"}]},\"form\":{\"form_uid\":\"home\",\"title\":\"home\"}}}","timestamp":"2017-07-10T10:21:10.765Z"}
{"level":"info","message":"{\"entry\":{\"name\":\"default\",\"status\":1,\"message\":\"In progress : Starting the Publishing process.\"}}","timestamp":"2017-07-10T10:21:10.765Z"}
{"level":"info","message":"'In progress' status has been saved on Built.io Contentstack.","timestamp":"2017-07-10T10:21:12.827Z"}
{"level":"info","message":"{\"entry\":{\"name\":\"default\",\"status\":2,\"message\":\"Publish : Entry has been published successfully.\"}}","timestamp":"2017-07-10T10:21:14.555Z"}
{"level":"info","message":"'Publish' status has been saved on Built.io Contentstack.","timestamp":"2017-07-10T10:21:16.598Z"}
